<?xml version="1.0" encoding="UTF-8"?>
<!-- Generated by org.testng.reporters.JUnitXMLReporter -->
<testsuite ignored="3" hostname="DESKTOP-91HRFE0" failures="0" tests="7" name="Test" time="73.451" errors="0" timestamp="2023-01-14T09:03:11 IST">
  <testcase classname="Test.OverviewPageTest" name="displayingCards" time="11.33"/>
  <testcase classname="Test.OverviewPageTest" name="selectingCalender" time="0.655"/>
  <testcase classname="Test.OverviewPageTest" name="DisplaySuperad" time="0.254"/>
  <testcase classname="Test.OverviewPageTest" name="TotalCards" time="0.07"/>
  <testcase classname="Test.OverviewPageTest" name="EventsModule" time="0.483"/>
  <testcase classname="Test.OverviewPageTest" name="DisplayEventsCount" time="1.626"/>
  <testcase classname="Test.OverviewPageTest" name="AddingEvents" time="58.719"/>
  <testcase classname="Test.EventsPageTest" name="AddingEvents" time="0.0">
    <ignored/>
  </testcase> <!-- AddingEvents -->
  <testcase classname="Test.EventsPageTest" name="DisplayEventsCount" time="0.0">
    <ignored/>
  </testcase> <!-- DisplayEventsCount -->
  <testcase classname="BaseB.BaseT" name="@BeforeSuite initilization" time="0.0">
    <ignored/>
  </testcase> <!-- @BeforeSuite initilization -->
</testsuite> <!-- Test -->
